{
  "RSpec": {
    "coverage": {
      "/home/tech/ajackus-test/app/helpers/application_helper.rb": {
        "lines": [
          1,
          null
        ]
      },
      "/home/tech/ajackus-test/app/helpers/home_helper.rb": {
        "lines": [
          1,
          null
        ]
      },
      "/home/tech/ajackus-test/app/controllers/user_messages_controller.rb": {
        "lines": [
          1,
          null,
          1,
          2,
          null,
          null,
          1,
          1,
          1,
          1,
          1,
          null,
          0,
          null,
          null,
          null,
          1,
          null,
          1,
          2,
          null,
          null,
          null,
          null
        ]
      },
      "/home/tech/ajackus-test/app/controllers/application_controller.rb": {
        "lines": [
          1,
          1,
          null,
          1,
          3,
          null,
          null,
          1,
          2,
          null,
          null,
          null
        ]
      },
      "/home/tech/ajackus-test/app/models/user_message.rb": {
        "lines": [
          1,
          1,
          null,
          null
        ]
      },
      "/home/tech/ajackus-test/app/models/application_record.rb": {
        "lines": [
          1,
          1,
          null
        ]
      },
      "/home/tech/ajackus-test/app/mailers/usermailer_mailer.rb": {
        "lines": [
          1,
          1,
          null,
          1,
          1,
          1,
          null,
          null
        ]
      },
      "/home/tech/ajackus-test/app/mailers/application_mailer.rb": {
        "lines": [
          1,
          1,
          1,
          null
        ]
      },
      "/home/tech/ajackus-test/app/jobs/application_job.rb": {
        "lines": [
          0,
          null,
          null,
          null,
          null,
          null,
          0
        ],
        "branches": {
        }
      },
      "/home/tech/ajackus-test/app/channels/application_cable/channel.rb": {
        "lines": [
          0,
          0,
          0,
          0
        ],
        "branches": {
        }
      },
      "/home/tech/ajackus-test/app/channels/application_cable/connection.rb": {
        "lines": [
          0,
          0,
          0,
          0
        ],
        "branches": {
        }
      }
    },
    "timestamp": 1599820338
  }
}
